Componenti gruppo:
Magno Alessandro 4478234
Vignone Nicole 4326841

-Esecuzione e Correzione progetto
Test forniti vengono passati correttamente, per√≤ per essere precisi
il test string01.txt in failure, oltre a segnalare l'errore sintattico, specifica anche i package.
Per intenderci si lascia di seguito l'output dell'esecuzione:
print "\"
Syntax error: lab09_04_08.parser.TokenizerException: lab09_04_08.parser.ScannerException: Unrecognized string "\"

